CRITICAL - 2023-09-10 12:38:47 --> Class 'App\Models\StudentsModel' not found
in APPPATH/Controllers/Home.php on line 13.
 1 SYSTEMPATH/CodeIgniter.php(919): App\Controllers\Home->store()
 2 SYSTEMPATH/CodeIgniter.php(494): CodeIgniter\CodeIgniter->runController()
 3 SYSTEMPATH/CodeIgniter.php(353): CodeIgniter\CodeIgniter->handleRequest()
 4 FCPATH/index.php(79): CodeIgniter\CodeIgniter->run()
CRITICAL - 2023-09-10 12:41:03 --> Class 'App\Models\StudentsModel' not found
in APPPATH/Controllers/Home.php on line 13.
 1 SYSTEMPATH/CodeIgniter.php(919): App\Controllers\Home->store()
 2 SYSTEMPATH/CodeIgniter.php(494): CodeIgniter\CodeIgniter->runController()
 3 SYSTEMPATH/CodeIgniter.php(353): CodeIgniter\CodeIgniter->handleRequest()
 4 FCPATH/index.php(79): CodeIgniter\CodeIgniter->run()
CRITICAL - 2023-09-10 12:42:09 --> Class 'CodeIniter\Model' not found
in APPPATH/Models/StudentModel.php on line 5.
 1 SYSTEMPATH/Autoloader/Autoloader.php(306): include_once()
 2 SYSTEMPATH/Autoloader/Autoloader.php(285): CodeIgniter\Autoloader\Autoloader->includeFile()
 3 SYSTEMPATH/Autoloader/Autoloader.php(263): CodeIgniter\Autoloader\Autoloader->loadInNamespace()
 4 [internal function]: CodeIgniter\Autoloader\Autoloader->loadClass()
 5 APPPATH/Controllers/Home.php(13): spl_autoload_call()
 6 SYSTEMPATH/CodeIgniter.php(919): App\Controllers\Home->store()
 7 SYSTEMPATH/CodeIgniter.php(494): CodeIgniter\CodeIgniter->runController()
 8 SYSTEMPATH/CodeIgniter.php(353): CodeIgniter\CodeIgniter->handleRequest()
 9 FCPATH/index.php(79): CodeIgniter\CodeIgniter->run()
CRITICAL - 2023-09-10 12:45:09 --> Class 'CodeIniter\Model' not found
in APPPATH/Models/StudentModel.php on line 5.
 1 SYSTEMPATH/Autoloader/Autoloader.php(306): include_once()
 2 SYSTEMPATH/Autoloader/Autoloader.php(285): CodeIgniter\Autoloader\Autoloader->includeFile()
 3 SYSTEMPATH/Autoloader/Autoloader.php(263): CodeIgniter\Autoloader\Autoloader->loadInNamespace()
 4 [internal function]: CodeIgniter\Autoloader\Autoloader->loadClass()
 5 APPPATH/Controllers/Home.php(13): spl_autoload_call()
 6 SYSTEMPATH/CodeIgniter.php(919): App\Controllers\Home->store()
 7 SYSTEMPATH/CodeIgniter.php(494): CodeIgniter\CodeIgniter->runController()
 8 SYSTEMPATH/CodeIgniter.php(353): CodeIgniter\CodeIgniter->handleRequest()
 9 FCPATH/index.php(79): CodeIgniter\CodeIgniter->run()
CRITICAL - 2023-09-10 12:45:52 --> Class 'CodeIniter\Model' not found
in APPPATH/Models/StudentModel.php on line 5.
 1 SYSTEMPATH/Autoloader/Autoloader.php(306): include_once()
 2 SYSTEMPATH/Autoloader/Autoloader.php(285): CodeIgniter\Autoloader\Autoloader->includeFile()
 3 SYSTEMPATH/Autoloader/Autoloader.php(263): CodeIgniter\Autoloader\Autoloader->loadInNamespace()
 4 [internal function]: CodeIgniter\Autoloader\Autoloader->loadClass()
 5 APPPATH/Controllers/Home.php(13): spl_autoload_call()
 6 SYSTEMPATH/CodeIgniter.php(919): App\Controllers\Home->store()
 7 SYSTEMPATH/CodeIgniter.php(494): CodeIgniter\CodeIgniter->runController()
 8 SYSTEMPATH/CodeIgniter.php(353): CodeIgniter\CodeIgniter->handleRequest()
 9 FCPATH/index.php(79): CodeIgniter\CodeIgniter->run()
CRITICAL - 2023-09-10 12:48:14 --> Allowed fields must be specified for model: "App\Models\StudentModel"
in SYSTEMPATH/Model.php on line 736.
 1 SYSTEMPATH/Model.php(736): CodeIgniter\Database\Exceptions\DataException::forInvalidAllowedFields()
 2 SYSTEMPATH/BaseModel.php(763): CodeIgniter\Model->doProtectFieldsForInsert()
 3 SYSTEMPATH/Model.php(715): CodeIgniter\BaseModel->insert()
 4 SYSTEMPATH/BaseModel.php(698): CodeIgniter\Model->insert()
 5 APPPATH/Controllers/Home.php(23): CodeIgniter\BaseModel->save()
 6 SYSTEMPATH/CodeIgniter.php(919): App\Controllers\Home->store()
 7 SYSTEMPATH/CodeIgniter.php(494): CodeIgniter\CodeIgniter->runController()
 8 SYSTEMPATH/CodeIgniter.php(353): CodeIgniter\CodeIgniter->handleRequest()
 9 FCPATH/index.php(79): CodeIgniter\CodeIgniter->run()
