CRITICAL - 2023-09-15 08:03:36 --> Call to a member function move() on array
in APPPATH/Controllers/Home.php on line 91.
 1 SYSTEMPATH/CodeIgniter.php(919): App\Controllers\Home->upload()
 2 SYSTEMPATH/CodeIgniter.php(494): CodeIgniter\CodeIgniter->runController()
 3 SYSTEMPATH/CodeIgniter.php(353): CodeIgniter\CodeIgniter->handleRequest()
 4 FCPATH/index.php(79): CodeIgniter\CodeIgniter->run()
CRITICAL - 2023-09-15 08:03:49 --> Call to a member function move() on array
in APPPATH/Controllers/Home.php on line 91.
 1 SYSTEMPATH/CodeIgniter.php(919): App\Controllers\Home->upload()
 2 SYSTEMPATH/CodeIgniter.php(494): CodeIgniter\CodeIgniter->runController()
 3 SYSTEMPATH/CodeIgniter.php(353): CodeIgniter\CodeIgniter->handleRequest()
 4 FCPATH/index.php(79): CodeIgniter\CodeIgniter->run()
CRITICAL - 2023-09-15 08:16:45 --> Call to a member function insert() on null
in APPPATH/Controllers/Home.php on line 94.
 1 SYSTEMPATH/CodeIgniter.php(919): App\Controllers\Home->upload()
 2 SYSTEMPATH/CodeIgniter.php(494): CodeIgniter\CodeIgniter->runController()
 3 SYSTEMPATH/CodeIgniter.php(353): CodeIgniter\CodeIgniter->handleRequest()
 4 FCPATH/index.php(79): CodeIgniter\CodeIgniter->run()
CRITICAL - 2023-09-15 08:17:04 --> Call to a member function save() on null
in APPPATH/Controllers/Home.php on line 94.
 1 SYSTEMPATH/CodeIgniter.php(919): App\Controllers\Home->upload()
 2 SYSTEMPATH/CodeIgniter.php(494): CodeIgniter\CodeIgniter->runController()
 3 SYSTEMPATH/CodeIgniter.php(353): CodeIgniter\CodeIgniter->handleRequest()
 4 FCPATH/index.php(79): CodeIgniter\CodeIgniter->run()
CRITICAL - 2023-09-15 08:17:33 --> There is no data to insert.
in SYSTEMPATH/BaseModel.php on line 768.
 1 SYSTEMPATH/BaseModel.php(768): CodeIgniter\Database\Exceptions\DataException::forEmptyDataset()
 2 SYSTEMPATH/Model.php(715): CodeIgniter\BaseModel->insert()
 3 SYSTEMPATH/BaseModel.php(698): CodeIgniter\Model->insert()
 4 APPPATH/Controllers/Home.php(94): CodeIgniter\BaseModel->save()
 5 SYSTEMPATH/CodeIgniter.php(919): App\Controllers\Home->upload()
 6 SYSTEMPATH/CodeIgniter.php(494): CodeIgniter\CodeIgniter->runController()
 7 SYSTEMPATH/CodeIgniter.php(353): CodeIgniter\CodeIgniter->handleRequest()
 8 FCPATH/index.php(79): CodeIgniter\CodeIgniter->run()
CRITICAL - 2023-09-15 19:31:45 --> Updates are not allowed unless they contain a "where" or "like" clause.
in SYSTEMPATH/Model.php on line 380.
 1 SYSTEMPATH/BaseModel.php(949): CodeIgniter\Model->doUpdate()
 2 SYSTEMPATH/Model.php(776): CodeIgniter\BaseModel->update()
 3 APPPATH/Controllers/Home.php(39): CodeIgniter\Model->update()
 4 SYSTEMPATH/CodeIgniter.php(919): App\Controllers\Home->removedata()
 5 SYSTEMPATH/CodeIgniter.php(494): CodeIgniter\CodeIgniter->runController()
 6 SYSTEMPATH/CodeIgniter.php(353): CodeIgniter\CodeIgniter->handleRequest()
 7 FCPATH/index.php(79): CodeIgniter\CodeIgniter->run()
CRITICAL - 2023-09-15 19:39:21 --> Updates are not allowed unless they contain a "where" or "like" clause.
in SYSTEMPATH/Model.php on line 380.
 1 SYSTEMPATH/BaseModel.php(949): CodeIgniter\Model->doUpdate()
 2 SYSTEMPATH/Model.php(776): CodeIgniter\BaseModel->update()
 3 APPPATH/Controllers/Home.php(39): CodeIgniter\Model->update()
 4 SYSTEMPATH/CodeIgniter.php(919): App\Controllers\Home->removedata()
 5 SYSTEMPATH/CodeIgniter.php(494): CodeIgniter\CodeIgniter->runController()
 6 SYSTEMPATH/CodeIgniter.php(353): CodeIgniter\CodeIgniter->handleRequest()
 7 FCPATH/index.php(79): CodeIgniter\CodeIgniter->run()
