CRITICAL - 2023-09-14 18:57:23 --> count(): Parameter must be an array or an object that implements Countable
in APPPATH/Controllers/Home.php on line 77.
 1 [internal function]: CodeIgniter\Debug\Exceptions->errorHandler()
 2 APPPATH/Controllers/Home.php(77): count()
 3 SYSTEMPATH/CodeIgniter.php(919): App\Controllers\Home->upload()
 4 SYSTEMPATH/CodeIgniter.php(494): CodeIgniter\CodeIgniter->runController()
 5 SYSTEMPATH/CodeIgniter.php(353): CodeIgniter\CodeIgniter->handleRequest()
 6 FCPATH/index.php(79): CodeIgniter\CodeIgniter->run()
CRITICAL - 2023-09-14 18:57:42 --> count(): Parameter must be an array or an object that implements Countable
in APPPATH/Controllers/Home.php on line 77.
 1 [internal function]: CodeIgniter\Debug\Exceptions->errorHandler()
 2 APPPATH/Controllers/Home.php(77): count()
 3 SYSTEMPATH/CodeIgniter.php(919): App\Controllers\Home->upload()
 4 SYSTEMPATH/CodeIgniter.php(494): CodeIgniter\CodeIgniter->runController()
 5 SYSTEMPATH/CodeIgniter.php(353): CodeIgniter\CodeIgniter->handleRequest()
 6 FCPATH/index.php(79): CodeIgniter\CodeIgniter->run()
CRITICAL - 2023-09-14 18:57:55 --> count(): Parameter must be an array or an object that implements Countable
in APPPATH/Controllers/Home.php on line 77.
 1 [internal function]: CodeIgniter\Debug\Exceptions->errorHandler()
 2 APPPATH/Controllers/Home.php(77): count()
 3 SYSTEMPATH/CodeIgniter.php(919): App\Controllers\Home->upload()
 4 SYSTEMPATH/CodeIgniter.php(494): CodeIgniter\CodeIgniter->runController()
 5 SYSTEMPATH/CodeIgniter.php(353): CodeIgniter\CodeIgniter->handleRequest()
 6 FCPATH/index.php(79): CodeIgniter\CodeIgniter->run()
CRITICAL - 2023-09-14 18:58:29 --> count(): Parameter must be an array or an object that implements Countable
in APPPATH/Controllers/Home.php on line 77.
 1 [internal function]: CodeIgniter\Debug\Exceptions->errorHandler()
 2 APPPATH/Controllers/Home.php(77): count()
 3 SYSTEMPATH/CodeIgniter.php(919): App\Controllers\Home->upload()
 4 SYSTEMPATH/CodeIgniter.php(494): CodeIgniter\CodeIgniter->runController()
 5 SYSTEMPATH/CodeIgniter.php(353): CodeIgniter\CodeIgniter->handleRequest()
 6 FCPATH/index.php(79): CodeIgniter\CodeIgniter->run()
CRITICAL - 2023-09-14 18:59:37 --> count(): Parameter must be an array or an object that implements Countable
in APPPATH/Controllers/Home.php on line 77.
 1 [internal function]: CodeIgniter\Debug\Exceptions->errorHandler()
 2 APPPATH/Controllers/Home.php(77): count()
 3 SYSTEMPATH/CodeIgniter.php(919): App\Controllers\Home->upload()
 4 SYSTEMPATH/CodeIgniter.php(494): CodeIgniter\CodeIgniter->runController()
 5 SYSTEMPATH/CodeIgniter.php(353): CodeIgniter\CodeIgniter->handleRequest()
 6 FCPATH/index.php(79): CodeIgniter\CodeIgniter->run()
CRITICAL - 2023-09-14 18:59:58 --> count(): Parameter must be an array or an object that implements Countable
in APPPATH/Controllers/Home.php on line 77.
 1 [internal function]: CodeIgniter\Debug\Exceptions->errorHandler()
 2 APPPATH/Controllers/Home.php(77): count()
 3 SYSTEMPATH/CodeIgniter.php(919): App\Controllers\Home->upload()
 4 SYSTEMPATH/CodeIgniter.php(494): CodeIgniter\CodeIgniter->runController()
 5 SYSTEMPATH/CodeIgniter.php(353): CodeIgniter\CodeIgniter->handleRequest()
 6 FCPATH/index.php(79): CodeIgniter\CodeIgniter->run()
CRITICAL - 2023-09-14 19:00:49 --> count(): Parameter must be an array or an object that implements Countable
in APPPATH/Controllers/Home.php on line 77.
 1 [internal function]: CodeIgniter\Debug\Exceptions->errorHandler()
 2 APPPATH/Controllers/Home.php(77): count()
 3 SYSTEMPATH/CodeIgniter.php(919): App\Controllers\Home->upload()
 4 SYSTEMPATH/CodeIgniter.php(494): CodeIgniter\CodeIgniter->runController()
 5 SYSTEMPATH/CodeIgniter.php(353): CodeIgniter\CodeIgniter->handleRequest()
 6 FCPATH/index.php(79): CodeIgniter\CodeIgniter->run()
CRITICAL - 2023-09-14 19:01:12 --> count(): Parameter must be an array or an object that implements Countable
in APPPATH/Controllers/Home.php on line 77.
 1 [internal function]: CodeIgniter\Debug\Exceptions->errorHandler()
 2 APPPATH/Controllers/Home.php(77): count()
 3 SYSTEMPATH/CodeIgniter.php(919): App\Controllers\Home->upload()
 4 SYSTEMPATH/CodeIgniter.php(494): CodeIgniter\CodeIgniter->runController()
 5 SYSTEMPATH/CodeIgniter.php(353): CodeIgniter\CodeIgniter->handleRequest()
 6 FCPATH/index.php(79): CodeIgniter\CodeIgniter->run()
CRITICAL - 2023-09-14 19:03:44 --> count(): Parameter must be an array or an object that implements Countable
in APPPATH/Controllers/Home.php on line 77.
 1 [internal function]: CodeIgniter\Debug\Exceptions->errorHandler()
 2 APPPATH/Controllers/Home.php(77): count()
 3 SYSTEMPATH/CodeIgniter.php(919): App\Controllers\Home->upload()
 4 SYSTEMPATH/CodeIgniter.php(494): CodeIgniter\CodeIgniter->runController()
 5 SYSTEMPATH/CodeIgniter.php(353): CodeIgniter\CodeIgniter->handleRequest()
 6 FCPATH/index.php(79): CodeIgniter\CodeIgniter->run()
CRITICAL - 2023-09-14 19:05:19 --> Call to a member function getName() on null
in APPPATH/Controllers/Home.php on line 77.
 1 SYSTEMPATH/CodeIgniter.php(919): App\Controllers\Home->upload()
 2 SYSTEMPATH/CodeIgniter.php(494): CodeIgniter\CodeIgniter->runController()
 3 SYSTEMPATH/CodeIgniter.php(353): CodeIgniter\CodeIgniter->handleRequest()
 4 FCPATH/index.php(79): CodeIgniter\CodeIgniter->run()
